Using pre-set license
Built from '2021.3/staging' branch; Version is '2021.3.9f1 (ad3870b89536) revision 11352176'; Using compiler version '192829333'; Build Type 'Release'
OS: 'Windows 10  (10.0.19044) 64bit CoreSingleLanguage' Language: 'es' Physical Memory: 8089 MB
BatchMode: 1, IsHumanControllingUs: 0, StartBugReporterOnCrash: 0, Is64bit: 1, IsPro: 1

COMMAND LINE ARGUMENTS:
C:\Program Files\Unity\Hub\Editor\2021.3.9f1\Editor\Unity.exe
-adb2
-batchMode
-noUpm
-name
AssetImportWorker0
-projectPath
C:/Users/Brenda/Unity/Lab2_Unidad2
-logFile
Logs/AssetImportWorker0.log
-srvPort
1042
Successfully changed project path to: C:/Users/Brenda/Unity/Lab2_Unidad2
C:/Users/Brenda/Unity/Lab2_Unidad2
[UnityMemory] Configuration Parameters - Can be set up in boot.config
    "memorysetup-bucket-allocator-granularity=16"
    "memorysetup-bucket-allocator-bucket-count=8"
    "memorysetup-bucket-allocator-block-size=33554432"
    "memorysetup-bucket-allocator-block-count=8"
    "memorysetup-main-allocator-block-size=16777216"
    "memorysetup-thread-allocator-block-size=16777216"
    "memorysetup-gfx-main-allocator-block-size=16777216"
    "memorysetup-gfx-thread-allocator-block-size=16777216"
    "memorysetup-cache-allocator-block-size=4194304"
    "memorysetup-typetree-allocator-block-size=2097152"
    "memorysetup-profiler-bucket-allocator-granularity=16"
    "memorysetup-profiler-bucket-allocator-bucket-count=8"
    "memorysetup-profiler-bucket-allocator-block-size=33554432"
    "memorysetup-profiler-bucket-allocator-block-count=8"
    "memorysetup-profiler-allocator-block-size=16777216"
    "memorysetup-profiler-editor-allocator-block-size=1048576"
    "memorysetup-temp-allocator-size-main=16777216"
    "memorysetup-job-temp-allocator-block-size=2097152"
    "memorysetup-job-temp-allocator-block-size-background=1048576"
    "memorysetup-job-temp-allocator-reduction-small-platforms=262144"
    "memorysetup-temp-allocator-size-background-worker=32768"
    "memorysetup-temp-allocator-size-job-worker=262144"
    "memorysetup-temp-allocator-size-preload-manager=33554432"
    "memorysetup-temp-allocator-size-nav-mesh-worker=65536"
    "memorysetup-temp-allocator-size-audio-worker=65536"
    "memorysetup-temp-allocator-size-cloud-worker=32768"
    "memorysetup-temp-allocator-size-gi-baking-worker=262144"
    "memorysetup-temp-allocator-size-gfx=262144"
Refreshing native plugins compatible for Editor in 141.08 ms, found 3 plugins.
Preloading 0 native plugins for Editor in 0.00 ms.
Initialize engine version: 2021.3.9f1 (ad3870b89536)
[Subsystems] Discovering subsystems at path C:/Program Files/Unity/Hub/Editor/2021.3.9f1/Editor/Data/Resources/UnitySubsystems
[Subsystems] Discovering subsystems at path C:/Users/Brenda/Unity/Lab2_Unidad2/Assets
GfxDevice: creating device client; threaded=0; jobified=0
Direct3D:
    Version:  Direct3D 11.0 [level 11.1]
    Renderer: Intel(R) HD Graphics 4600 (ID=0x416)
    Vendor:   Intel
    VRAM:     2048 MB
    Driver:   20.19.15.5126
Initialize mono
Mono path[0] = 'C:/Program Files/Unity/Hub/Editor/2021.3.9f1/Editor/Data/Managed'
Mono path[1] = 'C:/Program Files/Unity/Hub/Editor/2021.3.9f1/Editor/Data/MonoBleedingEdge/lib/mono/unityjit-win32'
Mono config path = 'C:/Program Files/Unity/Hub/Editor/2021.3.9f1/Editor/Data/MonoBleedingEdge/etc'
Using monoOptions --debugger-agent=transport=dt_socket,embedding=1,server=y,suspend=n,address=127.0.0.1:56768
Begin MonoManager ReloadAssembly
Registering precompiled unity dll's ...
Register platform support module: C:/Program Files/Unity/Hub/Editor/2021.3.9f1/Editor/Data/PlaybackEngines/WebGLSupport/UnityEditor.WebGL.Extensions.dll
Register platform support module: C:/Program Files/Unity/Hub/Editor/2021.3.9f1/Editor/Data/PlaybackEngines/WindowsStandaloneSupport/UnityEditor.WindowsStandalone.Extensions.dll
Registered in 0.013123 seconds.
Native extension for WindowsStandalone target not found
Native extension for WebGL target not found
Refreshing native plugins compatible for Editor in 120.41 ms, found 3 plugins.
Preloading 0 native plugins for Editor in 0.00 ms.
Mono: successfully reloaded assembly
- Completed reload, in  1.091 seconds
Domain Reload Profiling:
	ReloadAssembly (1092ms)
		BeginReloadAssembly (124ms)
			ExecutionOrderSort (0ms)
			DisableScriptedObjects (0ms)
			BackupInstance (0ms)
			ReleaseScriptingObjects (0ms)
			CreateAndSetChildDomain (1ms)
		EndReloadAssembly (783ms)
			LoadAssemblies (121ms)
			RebuildTransferFunctionScriptingTraits (0ms)
			SetupTypeCache (175ms)
			ReleaseScriptCaches (0ms)
			RebuildScriptCaches (51ms)
			SetupLoadedEditorAssemblies (472ms)
				LogAssemblyErrors (0ms)
				InitializePlatformSupportModulesInManaged (16ms)
				SetLoadedEditorAssemblies (0ms)
				RefreshPlugins (121ms)
				BeforeProcessingInitializeOnLoad (2ms)
				ProcessInitializeOnLoadAttributes (241ms)
				ProcessInitializeOnLoadMethodAttributes (91ms)
				AfterProcessingInitializeOnLoad (0ms)
				EditorAssembliesLoaded (0ms)
			ExecutionOrderSort2 (0ms)
			AwakeInstancesAfterBackupRestoration (0ms)
Platform modules already initialized, skipping
Registering precompiled user dll's ...
Registered in 0.010297 seconds.
Begin MonoManager ReloadAssembly
Symbol file LoadedFromMemory doesn't match image C:\Users\Brenda\Unity\Lab2_Unidad2\Library\PackageCache\com.unity.visualscripting@1.7.8\Editor\VisualScripting.Core\Dependencies\YamlDotNet\Unity.VisualScripting.YamlDotNet.dll
Symbol file LoadedFromMemory doesn't match image C:\Users\Brenda\Unity\Lab2_Unidad2\Library\PackageCache\com.unity.visualscripting@1.7.8\Editor\VisualScripting.Core\Dependencies\DotNetZip\Unity.VisualScripting.IonicZip.dll
Native extension for WindowsStandalone target not found
Native extension for WebGL target not found
Refreshing native plugins compatible for Editor in 0.82 ms, found 3 plugins.
Preloading 0 native plugins for Editor in 0.00 ms.
Mono: successfully reloaded assembly
- Completed reload, in  2.040 seconds
Domain Reload Profiling:
	ReloadAssembly (2041ms)
		BeginReloadAssembly (190ms)
			ExecutionOrderSort (0ms)
			DisableScriptedObjects (10ms)
			BackupInstance (0ms)
			ReleaseScriptingObjects (0ms)
			CreateAndSetChildDomain (32ms)
		EndReloadAssembly (1590ms)
			LoadAssemblies (138ms)
			RebuildTransferFunctionScriptingTraits (0ms)
			SetupTypeCache (636ms)
			ReleaseScriptCaches (1ms)
			RebuildScriptCaches (89ms)
			SetupLoadedEditorAssemblies (659ms)
				LogAssemblyErrors (0ms)
				InitializePlatformSupportModulesInManaged (12ms)
				SetLoadedEditorAssemblies (1ms)
				RefreshPlugins (1ms)
				BeforeProcessingInitializeOnLoad (139ms)
				ProcessInitializeOnLoadAttributes (447ms)
				ProcessInitializeOnLoadMethodAttributes (45ms)
				AfterProcessingInitializeOnLoad (13ms)
				EditorAssembliesLoaded (0ms)
			ExecutionOrderSort2 (0ms)
			AwakeInstancesAfterBackupRestoration (14ms)
Platform modules already initialized, skipping
========================================================================
Worker process is ready to serve import requests
Launched and connected shader compiler UnityShaderCompiler.exe after 0.10 seconds
Refreshing native plugins compatible for Editor in 1.48 ms, found 3 plugins.
Preloading 0 native plugins for Editor in 0.00 ms.
Unloading 3380 Unused Serialized files (Serialized files now loaded: 0)
Unloading 27 unused Assets / (111.3 KB). Loaded Objects now: 3837.
Memory consumption went from 116.1 MB to 116.0 MB.
Total: 4.851700 ms (FindLiveObjects: 0.424700 ms CreateObjectMapping: 0.487000 ms MarkObjects: 3.794700 ms  DeleteObjects: 0.143900 ms)

AssetImportParameters requested are different than current active one (requested -> active):
  custom:video-decoder-ogg-theora: a1e56fd34408186e4bbccfd4996cb3dc -> 
  custom:container-muxer-webm: aa71ff27fc2769a1b78a27578f13a17b -> 
  custom:container-demuxer-webm: 4f35f7cbe854078d1ac9338744f61a02 -> 
  custom:video-encoder-webm-vp8: eb34c28f22e8b96e1ab97ce403110664 -> 
  custom:audio-encoder-webm-vorbis: bf7c407c2cedff20999df2af8eb42d56 -> 
  custom:framework-win-MediaFoundation: 216162199b28c13a410421893ffa2e32 -> 
  custom:container-demuxer-ogg: 62fdf1f143b41e24485cea50d1cbac27 -> 
  custom:video-decoder-webm-vp8: 9c59270c3fd7afecdb556c50c9e8de78 -> 
  custom:audio-decoder-ogg-vorbis: bf7c407c2cedff20999df2af8eb42d56 -> 
========================================================================
Received Import Request.
  Time since last request: 5229.404483 seconds.
  path: Assets/Scenes/My.unity
  artifactKey: Guid(9fc0d4010bbf28b4594072e72b8655ab) Importer(815301076,1909f56bfc062723c751e8b465ee728b)
Start importing Assets/Scenes/My.unity using Guid(9fc0d4010bbf28b4594072e72b8655ab) Importer(815301076,1909f56bfc062723c751e8b465ee728b)  -> (artifact id: '16c3b267c5af23ddcd5e01f6b4535020') in 0.031256 seconds 
========================================================================
Received Import Request.
  Time since last request: 14.696191 seconds.
  path: Assets/Scenes/My Game.unity
  artifactKey: Guid(9fc0d4010bbf28b4594072e72b8655ab) Importer(815301076,1909f56bfc062723c751e8b465ee728b)
Start importing Assets/Scenes/My Game.unity using Guid(9fc0d4010bbf28b4594072e72b8655ab) Importer(815301076,1909f56bfc062723c751e8b465ee728b)  -> (artifact id: 'fe46582053c233d1a3384877b292f393') in 0.020264 seconds 
========================================================================
Received Import Request.
  Time since last request: 526.379634 seconds.
  path: Assets/Scenes
  artifactKey: Guid(6ea315d0fd7389c41b19996891e99ae3) Importer(815301076,1909f56bfc062723c751e8b465ee728b)
Start importing Assets/Scenes using Guid(6ea315d0fd7389c41b19996891e99ae3) Importer(815301076,1909f56bfc062723c751e8b465ee728b)  -> (artifact id: 'b8193726cff86800c54781cdc6d54904') in 0.018284 seconds 
========================================================================
Received Import Request.
  Time since last request: 371.906396 seconds.
  path: Assets/Materials
  artifactKey: Guid(8f0b011ec6ab2ea4daa3b9d2a2e30f4e) Importer(815301076,1909f56bfc062723c751e8b465ee728b)
Start importing Assets/Materials using Guid(8f0b011ec6ab2ea4daa3b9d2a2e30f4e) Importer(815301076,1909f56bfc062723c751e8b465ee728b)  -> (artifact id: 'f103f1f4b323a33b82284fb08efad0a5') in 0.021014 seconds 
========================================================================
Received Import Request.
  Time since last request: 166.196621 seconds.
  path: Assets/Materials/New Material.mat
  artifactKey: Guid(519765d1dd32dcd43b7f33943cbb5e68) Importer(815301076,1909f56bfc062723c751e8b465ee728b)
Start importing Assets/Materials/New Material.mat using Guid(519765d1dd32dcd43b7f33943cbb5e68) Importer(815301076,1909f56bfc062723c751e8b465ee728b)  -> (artifact id: 'effa1ac6ea3fdfe73697d8a3a537f32c') in 0.634113 seconds 
========================================================================
Received Import Request.
  Time since last request: 12.175344 seconds.
  path: Assets/Materials/Blue.mat
  artifactKey: Guid(519765d1dd32dcd43b7f33943cbb5e68) Importer(815301076,1909f56bfc062723c751e8b465ee728b)
Start importing Assets/Materials/Blue.mat using Guid(519765d1dd32dcd43b7f33943cbb5e68) Importer(815301076,1909f56bfc062723c751e8b465ee728b)  -> (artifact id: 'c077796c4f8376b217699c3e21c3a8e4') in 0.043636 seconds 
========================================================================
Received Import Request.
  Time since last request: 1046.134245 seconds.
  path: Assets/Materials/NewAudioMixer.mixer
  artifactKey: Guid(dec7937f7c9b6be448e43681367e47cd) Importer(815301076,1909f56bfc062723c751e8b465ee728b)
Start importing Assets/Materials/NewAudioMixer.mixer using Guid(dec7937f7c9b6be448e43681367e47cd) Importer(815301076,1909f56bfc062723c751e8b465ee728b)  -> (artifact id: 'ace272723598f0bbf1db3a160850ebce') in 0.038055 seconds 
========================================================================
Received Import Request.
  Time since last request: 14.494605 seconds.
  path: Assets/Materials/Red.mat
  artifactKey: Guid(15ba1bc94f3af5c478ffc67a834f9034) Importer(815301076,1909f56bfc062723c751e8b465ee728b)
Start importing Assets/Materials/Red.mat using Guid(15ba1bc94f3af5c478ffc67a834f9034) Importer(815301076,1909f56bfc062723c751e8b465ee728b)  -> (artifact id: '3cb1c903549f6e6659f7e729fbb5f925') in 0.044865 seconds 
========================================================================
Received Import Request.
  Time since last request: 91.057752 seconds.
  path: Assets/Materials/Red_Ligth.mat
  artifactKey: Guid(ed31ddfef6e26ee438255f4c48ed6218) Importer(815301076,1909f56bfc062723c751e8b465ee728b)
Start importing Assets/Materials/Red_Ligth.mat using Guid(ed31ddfef6e26ee438255f4c48ed6218) Importer(815301076,1909f56bfc062723c751e8b465ee728b)  -> (artifact id: 'fec31461a3e1276b7b10694e2d185f64') in 0.048749 seconds 
========================================================================
Received Import Request.
  Time since last request: 138.248629 seconds.
  path: Assets/Materials/Red_Medium.mat
  artifactKey: Guid(96879c0413d587f44a0b834602a39d0c) Importer(815301076,1909f56bfc062723c751e8b465ee728b)
Start importing Assets/Materials/Red_Medium.mat using Guid(96879c0413d587f44a0b834602a39d0c) Importer(815301076,1909f56bfc062723c751e8b465ee728b)  -> (artifact id: '534e6569e01e01e9dac31b4cd7faa5cb') in 0.049263 seconds 
========================================================================
Received Import Request.
  Time since last request: 51.266909 seconds.
  path: Assets/Materials/NewAudioMixer.mixer
  artifactKey: Guid(dec7937f7c9b6be448e43681367e47cd) Importer(815301076,1909f56bfc062723c751e8b465ee728b)
Start importing Assets/Materials/NewAudioMixer.mixer using Guid(dec7937f7c9b6be448e43681367e47cd) Importer(815301076,1909f56bfc062723c751e8b465ee728b)  -> (artifact id: '15535c3ba515aa62b679d93114c288e5') in 0.008983 seconds 
========================================================================
Received Import Request.
  Time since last request: 15.551560 seconds.
  path: Assets/Materials/Red_Dark.mat
  artifactKey: Guid(8c2ce4ee97740af40a2bd7044a3db965) Importer(815301076,1909f56bfc062723c751e8b465ee728b)
Start importing Assets/Materials/Red_Dark.mat using Guid(8c2ce4ee97740af40a2bd7044a3db965) Importer(815301076,1909f56bfc062723c751e8b465ee728b)  -> (artifact id: '80483693c33ab28956b4d535542edef0') in 0.043131 seconds 
========================================================================
Received Import Request.
  Time since last request: 331.473915 seconds.
  path: Assets/Materials/NewAudioMixer.mixer
  artifactKey: Guid(dec7937f7c9b6be448e43681367e47cd) Importer(815301076,1909f56bfc062723c751e8b465ee728b)
Start importing Assets/Materials/NewAudioMixer.mixer using Guid(dec7937f7c9b6be448e43681367e47cd) Importer(815301076,1909f56bfc062723c751e8b465ee728b)  -> (artifact id: 'a7cc32f4fa3cb518c7a7ed7868f5b17a') in 0.006153 seconds 
========================================================================
Received Import Request.
  Time since last request: 9.480203 seconds.
  path: Assets/Materials/New Material.mat
  artifactKey: Guid(b28ef8f05a3ea3b46a4d91aa149cb77e) Importer(815301076,1909f56bfc062723c751e8b465ee728b)
Start importing Assets/Materials/New Material.mat using Guid(b28ef8f05a3ea3b46a4d91aa149cb77e) Importer(815301076,1909f56bfc062723c751e8b465ee728b)  -> (artifact id: '84f1f431daec0ef7da80e8931b0ed075') in 0.047109 seconds 
========================================================================
Received Import Request.
  Time since last request: 14.389292 seconds.
  path: Assets/Materials/Green.mat
  artifactKey: Guid(b28ef8f05a3ea3b46a4d91aa149cb77e) Importer(815301076,1909f56bfc062723c751e8b465ee728b)
Start importing Assets/Materials/Green.mat using Guid(b28ef8f05a3ea3b46a4d91aa149cb77e) Importer(815301076,1909f56bfc062723c751e8b465ee728b)  -> (artifact id: 'f78c157fdb1c62c2235e276a7b1893c0') in 0.041451 seconds 
========================================================================
Received Import Request.
  Time since last request: 257.224723 seconds.
  path: Assets/Materials/Blue.mat
  artifactKey: Guid(519765d1dd32dcd43b7f33943cbb5e68) Importer(815301076,1909f56bfc062723c751e8b465ee728b)
Start importing Assets/Materials/Blue.mat using Guid(519765d1dd32dcd43b7f33943cbb5e68) Importer(815301076,1909f56bfc062723c751e8b465ee728b)  -> (artifact id: 'ab9117593bd47927f66cba585bc05b26') in 0.060803 seconds 
========================================================================
Received Import Request.
  Time since last request: 0.000045 seconds.
  path: Assets/Materials/Red_Medium.mat
  artifactKey: Guid(96879c0413d587f44a0b834602a39d0c) Importer(815301076,1909f56bfc062723c751e8b465ee728b)
Start importing Assets/Materials/Red_Medium.mat using Guid(96879c0413d587f44a0b834602a39d0c) Importer(815301076,1909f56bfc062723c751e8b465ee728b)  -> (artifact id: 'a0667a44512df2c838b030d05ce55592') in 0.067230 seconds 
========================================================================
Received Import Request.
  Time since last request: 0.000063 seconds.
  path: Assets/Materials/Red_Dark.mat
  artifactKey: Guid(8c2ce4ee97740af40a2bd7044a3db965) Importer(815301076,1909f56bfc062723c751e8b465ee728b)
Start importing Assets/Materials/Red_Dark.mat using Guid(8c2ce4ee97740af40a2bd7044a3db965) Importer(815301076,1909f56bfc062723c751e8b465ee728b)  -> (artifact id: '8dcb3264f40014050409b46840a49a56') in 0.045520 seconds 
========================================================================
Received Import Request.
  Time since last request: 0.000066 seconds.
  path: Assets/Materials/Green.mat
  artifactKey: Guid(b28ef8f05a3ea3b46a4d91aa149cb77e) Importer(815301076,1909f56bfc062723c751e8b465ee728b)
Start importing Assets/Materials/Green.mat using Guid(b28ef8f05a3ea3b46a4d91aa149cb77e) Importer(815301076,1909f56bfc062723c751e8b465ee728b)  -> (artifact id: 'b3de0685193d245be76fd559be545904') in 0.082434 seconds 
========================================================================
Received Import Request.
  Time since last request: 0.000049 seconds.
  path: Assets/Materials/Red.mat
  artifactKey: Guid(15ba1bc94f3af5c478ffc67a834f9034) Importer(815301076,1909f56bfc062723c751e8b465ee728b)
Start importing Assets/Materials/Red.mat using Guid(15ba1bc94f3af5c478ffc67a834f9034) Importer(815301076,1909f56bfc062723c751e8b465ee728b)  -> (artifact id: 'd8a5f11689efc0e69fbfb9dacb479b6e') in 0.055741 seconds 
========================================================================
Received Import Request.
  Time since last request: 0.000168 seconds.
  path: Assets/Materials/Red_Ligth.mat
  artifactKey: Guid(ed31ddfef6e26ee438255f4c48ed6218) Importer(815301076,1909f56bfc062723c751e8b465ee728b)
Start importing Assets/Materials/Red_Ligth.mat using Guid(ed31ddfef6e26ee438255f4c48ed6218) Importer(815301076,1909f56bfc062723c751e8b465ee728b)  -> (artifact id: 'ccd6446371dc803b4387d09c5e70f156') in 0.060653 seconds 
